<?xml version="1.0" encoding="utf-8"?><testsuites name="pytest tests"><testsuite name="pytest" errors="0" failures="0" skipped="0" tests="208" time="1.428" timestamp="2025-10-29T20:06:29.034505+00:00" hostname="runnervmwhb2z"><testcase classname="test.test_calculadora.TestCalculadoraLiquidacion" name="test_calculo_cesantias" time="0.001" /><testcase classname="test.test_calculadora.TestCalculadoraLiquidacion" name="test_calculo_indemnizacion" time="0.001" /><testcase classname="test.test_calculadora.TestCalculadoraLiquidacion" name="test_calculo_indemnizacion_maximo_dias" time="0.001" /><testcase classname="test.test_calculadora.TestCalculadoraLiquidacion" name="test_calculo_intereses_cesantias_valor_negativo" time="0.001" /><testcase classname="test.test_calculadora.TestCalculadoraLiquidacion" name="test_calculo_liquidacion" time="0.004" /><testcase classname="test.test_calculadora.TestCalculadoraLiquidacion" name="test_calculo_liquidacion_fecha_invalida" time="0.001" /><testcase classname="test.test_calculadora.TestCalculadoraLiquidacion" name="test_calculo_prima_dias_negativos" time="0.001" /><testcase classname="test.test_calculadora.TestCalculadoraLiquidacion" name="test_calculo_retencion" time="0.000" /><testcase classname="test.test_calculadora.TestCalculadoraLiquidacion" name="test_calculo_retencion_maximo_rango" time="0.000" /><testcase classname="test.test_calculadora.TestCalculadoraLiquidacion" name="test_calculo_vacaciones" time="0.000" /><testcase classname="test.test_calculadora.TestCalculadoraLiquidacion" name="test_dias_acumulados_vacaciones_negativos" time="0.001" /><testcase classname="test.test_calculadora.TestCalculadoraLiquidacion" name="test_dias_trabajados_negativos_calculo_cesantias" time="0.001" /><testcase classname="test.test_calculadora.TestCalculadoraLiquidacion" name="test_dias_trabajados_negativos_calculo_vacaciones" time="0.001" /><testcase classname="test.test_calculadora.TestCalculadoraLiquidacion" name="test_formato_fecha_inicio_invalido" time="0.001" /><testcase classname="test.test_calculadora.TestCalculadoraLiquidacion" name="test_formato_fecha_invalido_calculo_liquidacion" time="0.001" /><testcase classname="test.test_calculadora.TestCalculadoraLiquidacion" name="test_formato_fecha_ultimas_vacaciones_invalido" time="0.001" /><testcase classname="test.test_calculadora.TestCalculadoraLiquidacion" name="test_formato_ingreso_laboral_invalido_calculo_retencion" time="0.001" /><testcase classname="test.test_calculadora.TestCalculadoraLiquidacion" name="test_salario_basico_negativo" time="0.001" /><testcase classname="test.test_calculadora.TestCalculadoraLiquidacion" name="test_tipo_ingreso_laboral_invalido" time="0.001" /><testcase classname="test.test_calculadora.TestCalculadoraLiquidacion" name="test_total_pagar_negativo_imprimir_resultados" time="0.001" /><testcase classname="test.test_consola_coverage" name="test_asignar_id_liquidacion_deterministic" time="0.001" /><testcase classname="test.test_consola_coverage" name="test_calculo_funcs_and_dias_trabajados" time="0.002" /><testcase classname="test.test_consola_coverage" name="test_agregar_usuario_success" time="0.001" /><testcase classname="test.test_consola_coverage" name="test_agregar_liquidacion_invalid_salary" time="0.001" /><testcase classname="test.test_consola_coverage" name="test_agregar_liquidacion_invalid_id" time="0.001" /><testcase classname="test.test_consola_coverage" name="test_agregar_liquidacion_success" time="0.001" /><testcase classname="test.test_consola_coverage" name="test_consultar_usuario_invalid_id" time="0.001" /><testcase classname="test.test_consola_coverage" name="test_consultar_usuario_success" time="0.001" /><testcase classname="test.test_consola_coverage" name="test_eliminar_usuario_invalid_id" time="0.001" /><testcase classname="test.test_consola_coverage" name="test_eliminar_usuario_success" time="0.001" /><testcase classname="test.test_consola_coverage" name="test_eliminar_usuario_value_error" time="0.001" /><testcase classname="test.test_consola_coverage" name="test_eliminar_liquidacion_invalid_id" time="0.001" /><testcase classname="test.test_consola_coverage" name="test_eliminar_liquidacion_success" time="0.001" /><testcase classname="test.test_consola_coverage" name="test_eliminar_liquidacion_value_error" time="0.001" /><testcase classname="test.test_consola_coverage" name="test_main_menu_option1_then_exit" time="0.001" /><testcase classname="test.test_consola_coverage" name="test_main_menu_option2_then_exit" time="0.001" /><testcase classname="test.test_consola_coverage" name="test_main_menu_option3_then_exit" time="0.001" /><testcase classname="test.test_consola_coverage" name="test_main_menu_option4_then_exit" time="0.001" /><testcase classname="test.test_consola_coverage" name="test_main_menu_option6_then_exit" time="0.001" /><testcase classname="test.test_consola_coverage" name="test_main_menu_invalid_then_exit" time="0.001" /><testcase classname="test.test_controlador_auth_and_audit_success" name="test_autenticar_usuario_success" time="0.001" /><testcase classname="test.test_controlador_auth_and_audit_success" name="test_autenticar_usuario_not_found" time="0.001" /><testcase classname="test.test_controlador_auth_and_audit_success" name="test_autenticar_usuario_exception" time="0.001" /><testcase classname="test.test_controlador_auth_and_audit_success" name="test_obtener_auditoria_success" time="0.001" /><testcase classname="test.test_controlador_auth_delete" name="test_autenticar_usuario_ok" time="0.001" /><testcase classname="test.test_controlador_auth_delete" name="test_autenticar_usuario_fail" time="0.001" /><testcase classname="test.test_controlador_auth_delete" name="test_autenticar_usuario_exception" time="0.001" /><testcase classname="test.test_controlador_auth_delete" name="test_es_administrador_true" time="0.001" /><testcase classname="test.test_controlador_auth_delete" name="test_es_administrador_false" time="0.001" /><testcase classname="test.test_controlador_auth_delete" name="test_es_administrador_exception" time="0.001" /><testcase classname="test.test_controlador_auth_delete" name="test_eliminar_usuario_not_found" time="0.001" /><testcase classname="test.test_controlador_auth_delete" name="test_eliminar_usuario_blocked_by_liquidaciones" time="0.001" /><testcase classname="test.test_controlador_auth_delete" name="test_eliminar_usuario_ok_with_auditoria" time="0.001" /><testcase classname="test.test_controlador_auth_delete" name="test_eliminar_liquidacion_ok" time="0.001" /><testcase classname="test.test_controlador_auth_delete" name="test_eliminar_liquidacion_not_found" time="0.001" /><testcase classname="test.test_controlador_auth_delete" name="test_obtener_todos_usuarios_ok" time="0.001" /><testcase classname="test.test_controlador_auth_delete" name="test_obtener_todas_liquidaciones_ok" time="0.001" /><testcase classname="test.test_controlador_consultar_paths" name="test_consultar_usuario_found_without_liquidacion" time="0.001" /><testcase classname="test.test_controlador_coverage_booster" name="test_autenticar_usuario_success" time="0.001" /><testcase classname="test.test_controlador_coverage_booster" name="test_autenticar_usuario_not_found" time="0.001" /><testcase classname="test.test_controlador_coverage_booster" name="test_autenticar_usuario_exception" time="0.001" /><testcase classname="test.test_controlador_coverage_booster" name="test_es_administrador_handles_psycopg2_error" time="0.001" /><testcase classname="test.test_controlador_coverage_booster" name="test_agregar_usuario_success_without_auditoria" time="0.001" /><testcase classname="test.test_controlador_coverage_booster" name="test_agregar_usuario_integridad_duplicate_pk" time="0.001" /><testcase classname="test.test_controlador_coverage_booster" name="test_agregar_usuario_integridad_duplicate_documento" time="0.001" /><testcase classname="test.test_controlador_coverage_booster" name="test_agregar_usuario_integridad_duplicate_correo" time="0.001" /><testcase classname="test.test_controlador_coverage_booster" name="test_agregar_usuario_integridad_other" time="0.001" /><testcase classname="test.test_controlador_coverage_booster" name="test_agregar_liquidacion_success" time="0.001" /><testcase classname="test.test_controlador_coverage_booster" name="test_consultar_usuario_found_without_liq" time="0.001" /><testcase classname="test.test_controlador_coverage_booster" name="test_consultar_usuario_found_with_liq" time="0.001" /><testcase classname="test.test_controlador_coverage_booster" name="test_eliminar_usuario_not_found" time="0.001" /><testcase classname="test.test_controlador_coverage_booster" name="test_eliminar_usuario_with_liq" time="0.001" /><testcase classname="test.test_controlador_coverage_booster" name="test_eliminar_usuario_success_with_audit" time="0.001" /><testcase classname="test.test_controlador_coverage_booster" name="test_eliminar_usuario_rowcount_zero" time="0.001" /><testcase classname="test.test_controlador_coverage_booster" name="test_eliminar_liquidacion_success" time="0.001" /><testcase classname="test.test_controlador_coverage_booster" name="test_eliminar_liquidacion_not_found" time="0.001" /><testcase classname="test.test_controlador_coverage_booster" name="test_obtener_todos_usuarios_success" time="0.001" /><testcase classname="test.test_controlador_coverage_booster" name="test_obtener_todos_usuarios_error" time="0.001" /><testcase classname="test.test_controlador_coverage_booster" name="test_obtener_todas_liquidaciones_success" time="0.001" /><testcase classname="test.test_controlador_coverage_booster" name="test_obtener_todas_liquidaciones_error" time="0.001" /><testcase classname="test.test_controlador_coverage_booster" name="test_obtener_estadisticas_handles_none" time="0.001" /><testcase classname="test.test_controlador_coverage_booster" name="test_obtener_estadisticas_error" time="0.001" /><testcase classname="test.test_controlador_coverage_booster" name="test_modificar_usuario_not_found" time="0.001" /><testcase classname="test.test_controlador_coverage_booster" name="test_modificar_usuario_success_with_audit" time="0.001" /><testcase classname="test.test_controlador_coverage_booster" name="test_modificar_usuario_rowcount_zero" time="0.001" /><testcase classname="test.test_controlador_coverage_booster" name="test_modificar_usuario_exception" time="0.001" /><testcase classname="test.test_controlador_coverage_booster" name="test_registrar_auditoria_success" time="0.001" /><testcase classname="test.test_controlador_coverage_booster" name="test_registrar_auditoria_exception" time="0.001" /><testcase classname="test.test_controlador_coverage_booster" name="test_obtener_auditoria_with_filters" time="0.001" /><testcase classname="test.test_controlador_coverage_booster" name="test_obtener_auditoria_exception" time="0.001" /><testcase classname="test.test_controlador_coverage_booster" name="test_obtener_estadisticas_auditoria_success" time="0.001" /><testcase classname="test.test_controlador_coverage_booster" name="test_obtener_estadisticas_auditoria_exception" time="0.001" /><testcase classname="test.test_controlador_coverage_booster" name="test_crear_tabla_success" time="0.001" /><testcase classname="test.test_controlador_coverage_booster" name="test_crear_tabla_error" time="0.001" /><testcase classname="test.test_controlador_db_create_and_roles" name="test_crear_tabla_ok" time="0.001" /><testcase classname="test.test_controlador_db_create_and_roles" name="test__obtener_rol_usuario_admin" time="0.001" /><testcase classname="test.test_controlador_db_create_and_roles" name="test__obtener_rol_usuario_none" time="0.001" /><testcase classname="test.test_controlador_db_create_and_roles" name="test__obtener_rol_usuario_exception" time="0.001" /><testcase classname="test.test_controlador_db_create_and_roles" name="test_obtener_todos_usuarios_error" time="0.001" /><testcase classname="test.test_controlador_db_create_and_roles" name="test_obtener_todas_liquidaciones_error" time="0.001" /><testcase classname="test.test_controlador_db_create_and_roles" name="test_modificar_usuario_rowcount_zero" time="0.001" /><testcase classname="test.test_controlador_db_create_and_roles" name="test_registrar_auditoria_exception" time="0.001" /><testcase classname="test.test_controlador_db_create_and_roles" name="test_obtener_auditoria_exception" time="0.001" /><testcase classname="test.test_controlador_db_create_and_roles" name="test_obtener_estadisticas_auditoria_exception" time="0.001" /><testcase classname="test.test_controlador_delete_and_table_errors" name="test_crear_tabla_error_returns_none" time="0.001" /><testcase classname="test.test_controlador_delete_and_table_errors" name="test_eliminar_usuario_not_found" time="0.001" /><testcase classname="test.test_controlador_delete_and_table_errors" name="test_eliminar_usuario_with_liquidaciones_returns_false" time="0.001" /><testcase classname="test.test_controlador_delete_and_table_errors" name="test_eliminar_usuario_success" time="0.001" /><testcase classname="test.test_controlador_delete_and_table_errors" name="test_eliminar_liquidacion_not_found" time="0.001" /><testcase classname="test.test_controlador_eliminar_rowcount_zero" name="test_eliminar_usuario_rowcount_zero_returns_false" time="0.001" /><testcase classname="test.test_controlador_es_admin_and_agregar_without_audit" name="test_es_administrador_handles_psycopg2_error" time="0.001" /><testcase classname="test.test_controlador_es_admin_and_agregar_without_audit" name="test_agregar_usuario_success_without_auditoria" time="0.001" /><testcase classname="test.test_controlador_integrity" name="test_agregar_usuario_duplicate_pk_raises_valueerror" time="0.001" /><testcase classname="test.test_controlador_integrity" name="test_agregar_usuario_duplicate_documento_raises_valueerror" time="0.001" /><testcase classname="test.test_controlador_integrity" name="test_agregar_usuario_duplicate_correo_raises_valueerror" time="0.001" /><testcase classname="test.test_controlador_integrity" name="test_agregar_usuario_other_integrity_raises_integrityerror" time="0.001" /><testcase classname="test.test_controlador_more" name="test_eliminar_liquidacion_success" time="0.001" /><testcase classname="test.test_controlador_more" name="test_eliminar_liquidacion_no_encontrada" time="0.001" /><testcase classname="test.test_controlador_more" name="test_eliminar_usuario_no_existe" time="0.001" /><testcase classname="test.test_controlador_more" name="test_eliminar_usuario_tiene_liquidaciones" time="0.001" /><testcase classname="test.test_controlador_more" name="test_eliminar_usuario_success_con_auditoria" time="0.001" /><testcase classname="test.test_controlador_more" name="test_consultar_usuario_con_y_sin_liquidacion" time="0.001" /><testcase classname="test.test_controlador_obtener_auditoria_with_filters" name="test_obtener_auditoria_with_all_filters_builds_params" time="0.001" /><testcase classname="test.test_controlador_stats_none" name="test_obtener_estadisticas_with_none" time="0.001" /><testcase classname="test.test_controlador_success_more" name="test_eliminar_liquidacion_success_commits" time="0.001" /><testcase classname="test.test_controlador_success_more" name="test_obtener_todos_usuarios_success" time="0.001" /><testcase classname="test.test_controlador_success_more" name="test_obtener_todas_liquidaciones_success" time="0.001" /><testcase classname="test.test_controlador_success_more" name="test_obtener_estadisticas_handles_none_values" time="0.001" /><testcase classname="test.test_controlador_unit" name="test_es_administrador_true" time="0.001" /><testcase classname="test.test_controlador_unit" name="test_registrar_auditoria_success" time="0.001" /><testcase classname="test.test_controlador_unit" name="test_registrar_auditoria_fail_returns_false" time="0.001" /><testcase classname="test.test_controlador_unit" name="test_obtener_estadisticas" time="0.001" /><testcase classname="test.test_flask_admin_exceptions" name="test_login_auditoria_failure_is_ignored" time="0.016" /><testcase classname="test.test_flask_admin_exceptions" name="test_admin_panel_exception_redirects_to_index" time="0.002" /><testcase classname="test.test_flask_admin_views" name="test_auditoria_requires_login" time="0.002" /><testcase classname="test.test_flask_admin_views" name="test_auditoria_ok_with_admin" time="0.002" /><testcase classname="test.test_flask_app" name="test_index_redirects_to_login_without_session" time="0.001" /><testcase classname="test.test_flask_app" name="test_test_route_returns_html" time="0.001" /><testcase classname="test.test_flask_app" name="test_login_success_sets_session_and_redirects" time="0.002" /><testcase classname="test.test_flask_app" name="test_agregar_liquidacion_success_flow" time="0.003" /><testcase classname="test.test_flask_coverage_booster" name="test_login_get_renders" time="0.001" /><testcase classname="test.test_flask_coverage_booster" name="test_login_post_ok_redirects" time="0.002" /><testcase classname="test.test_flask_coverage_booster" name="test_login_post_fail_renders" time="0.001" /><testcase classname="test.test_flask_coverage_booster" name="test_logout_redirects_to_login" time="0.002" /><testcase classname="test.test_flask_coverage_booster" name="test_index_redirect_without_session" time="0.001" /><testcase classname="test.test_flask_coverage_booster" name="test_agregar_usuario_post_ok" time="0.002" /><testcase classname="test.test_flask_coverage_booster" name="test_agregar_usuario_post_exception" time="0.002" /><testcase classname="test.test_flask_coverage_booster" name="test_agregar_liquidacion_post_invalid_id" time="0.002" /><testcase classname="test.test_flask_coverage_booster" name="test_agregar_liquidacion_post_user_not_found" time="0.002" /><testcase classname="test.test_flask_coverage_booster" name="test_agregar_liquidacion_post_success_redirects" time="0.002" /><testcase classname="test.test_flask_coverage_booster" name="test_consultar_usuario_post_found_renders" time="0.002" /><testcase classname="test.test_flask_coverage_booster" name="test_consultar_usuario_post_not_found_redirects" time="0.002" /><testcase classname="test.test_flask_coverage_booster" name="test_eliminar_usuario_get_renders" time="0.002" /><testcase classname="test.test_flask_coverage_booster" name="test_eliminar_usuario_post_true_redirects" time="0.002" /><testcase classname="test.test_flask_coverage_booster" name="test_eliminar_usuario_post_false_redirects" time="0.002" /><testcase classname="test.test_flask_coverage_booster" name="test_eliminar_liquidacion_get_renders" time="0.002" /><testcase classname="test.test_flask_coverage_booster" name="test_eliminar_liquidacion_post_true_redirects" time="0.002" /><testcase classname="test.test_flask_coverage_booster" name="test_eliminar_liquidacion_post_false_redirects" time="0.002" /><testcase classname="test.test_flask_coverage_booster" name="test_admin_redirect" time="0.001" /><testcase classname="test.test_flask_coverage_booster" name="test_admin_panel_success" time="0.002" /><testcase classname="test.test_flask_coverage_booster" name="test_admin_panel_forbidden_when_not_admin" time="0.002" /><testcase classname="test.test_flask_coverage_booster" name="test_admin_usuarios_success" time="0.002" /><testcase classname="test.test_flask_coverage_booster" name="test_reportes_success" time="0.002" /><testcase classname="test.test_flask_coverage_booster" name="test_exportar_datos_success_csv" time="0.002" /><testcase classname="test.test_flask_coverage_booster" name="test_simple_and_test_routes" time="0.001" /><testcase classname="test.test_flask_coverage_booster" name="test_auditoria_success" time="0.002" /><testcase classname="test.test_flask_coverage_booster" name="test_auditoria_exception_redirects" time="0.002" /><testcase classname="test.test_flask_export_simple" name="test_index_redirects_without_session" time="0.001" /><testcase classname="test.test_flask_export_simple" name="test_test_route_returns_html" time="0.002" /><testcase classname="test.test_flask_export_simple" name="test_simple_route_returns_html" time="0.002" /><testcase classname="test.test_flask_extra" name="test_logout_redirects" time="0.003" /><testcase classname="test.test_flask_extra" name="test_admin_redirects_to_admin_panel" time="0.002" /><testcase classname="test.test_flask_extra" name="test_admin_panel_denied_if_not_admin" time="0.002" /><testcase classname="test.test_flask_logout_no_session" name="test_logout_without_session_redirects_to_login" time="0.001" /><testcase classname="test.test_flask_misc_routes" name="test_index_without_session_redirects_to_login" time="0.001" /><testcase classname="test.test_flask_misc_routes" name="test_simple_route_ok" time="0.001" /><testcase classname="test.test_flask_misc_routes" name="test_test_route_ok" time="0.001" /><testcase classname="test.test_flask_more" name="test_login_get_returns_page" time="0.001" /><testcase classname="test.test_flask_more" name="test_login_failure_shows_error" time="0.002" /><testcase classname="test.test_flask_more" name="test_index_with_session_renders_template" time="0.002" /><testcase classname="test.test_flask_more" name="test_agregar_liquidacion_invalid_id" time="0.003" /><testcase classname="test.test_flask_more" name="test_agregar_liquidacion_empleado_no_existe" time="0.004" /><testcase classname="test.test_flask_more" name="test_agregar_liquidacion_error_al_consultar" time="0.003" /><testcase classname="test.test_flask_more" name="test_eliminar_usuario_permiso_denegado_si_no_admin" time="0.002" /><testcase classname="test.test_flask_more" name="test_eliminar_usuario_success" time="0.003" /><testcase classname="test.test_flask_more" name="test_eliminar_usuario_failure" time="0.003" /><testcase classname="test.test_flask_more" name="test_eliminar_liquidacion_success_y_failure" time="0.004" /><testcase classname="test.test_flask_more" name="test_admin_panel_success" time="0.003" /><testcase classname="test.test_flask_more" name="test_exportar_datos_csv" time="0.003" /><testcase classname="test.test_flask_more_undercovered_paths" name="test_modificar_usuario_get_without_id_renders" time="0.002" /><testcase classname="test.test_flask_more_undercovered_paths" name="test_modificar_usuario_post_failure_redirects" time="0.002" /><testcase classname="test.test_flask_more_undercovered_paths" name="test_consultar_usuario_post_not_found_redirects" time="0.002" /><testcase classname="test.test_flask_more_undercovered_paths" name="test_agregar_liquidacion_post_user_not_found_renders" time="0.014" /><testcase classname="test.test_flask_more_undercovered_paths" name="test_agregar_liquidacion_post_exception_renders" time="0.002" /><testcase classname="test.test_flask_more_undercovered_paths" name="test_eliminar_liquidacion_get_renders" time="0.002" /><testcase classname="test.test_flask_more_undercovered_paths" name="test_eliminar_usuario_get_renders" time="0.002" /><testcase classname="test.test_flask_reports_audit" name="test_reportes_requires_admin_redirect_when_no_session" time="0.001" /><testcase classname="test.test_flask_reports_audit" name="test_reportes_requires_admin_redirect_when_user_role" time="0.002" /><testcase classname="test.test_flask_reports_audit" name="test_reportes_ok_with_admin" time="0.002" /><testcase classname="test.test_flask_reports_audit" name="test_reportes_exception_redirects_to_admin_panel" time="0.002" /><testcase classname="test.test_flask_success_more" name="test_exportar_datos_success_returns_csv" time="0.002" /><testcase classname="test.test_flask_success_more" name="test_admin_panel_ok_renders" time="0.002" /><testcase classname="test.test_flask_success_more" name="test_admin_usuarios_ok_renders" time="0.002" /><testcase classname="test.test_flask_success_more" name="test_login_get_renders_template" time="0.001" /><testcase classname="test.test_flask_success_more" name="test_agregar_usuario_get_renders_template" time="0.002" /><testcase classname="test.test_flask_success_more" name="test_consultar_usuario_get_renders_template" time="0.002" /><testcase classname="test.test_gui_coverage" name="test_gui_calcular_missing_fields" time="0.001" /><testcase classname="test.test_gui_coverage" name="test_gui_calcular_success_path" time="0.001" /></testsuite></testsuites>