<?xml version="1.0" encoding="utf-8"?><testsuites name="pytest tests"><testsuite name="pytest" errors="0" failures="0" skipped="0" tests="9" time="11.630" timestamp="2025-10-30T01:26:24.985833-05:00" hostname="DESKTOP-1A0730N"><testcase classname="test.screenplay.test_screenplay_examples.ScreenplayLoginTests" name="test_admin_can_login_successfully" time="0.079" /><testcase classname="test.screenplay.test_screenplay_examples.ScreenplayLoginTests" name="test_assistant_can_login_successfully" time="0.001" /><testcase classname="test.screenplay.test_screenplay_examples.ScreenplayEmployeeTests" name="test_admin_can_add_employee" time="0.001" /><testcase classname="test.screenplay.test_screenplay_examples.ScreenplayEmployeeTests" name="test_admin_can_consult_employee" time="0.000" /><testcase classname="test.screenplay.test_screenplay_examples.ScreenplayLiquidationTests" name="test_admin_can_create_liquidation" time="0.000" /><testcase classname="test.screenplay.test_screenplay_examples.ScreenplayPatternDemonstration" name="test_actor_remembering_values" time="0.000" /><testcase classname="test.screenplay.test_screenplay_examples.ScreenplayPatternDemonstration" name="test_actor_with_multiple_abilities" time="0.001" /><testcase classname="test.screenplay.test_screenplay_examples.ScreenplayPatternDemonstration" name="test_method_chaining_fluent_interface" time="0.001" /><testcase classname="test.screenplay.test_screenplay_real.TestScreenplayRealFlow" name="test_admin_login_and_admin_panel" time="11.008" /></testsuite></testsuites>